<?xml version="1.0" encoding="UTF-8"?>
<!-- Generated by org.testng.reporters.JUnitXMLReporter -->
<testsuite hostname="LAPTOP-35FDJHFT" ignored="0" name="Surefire test" tests="6" failures="0" timestamp="2020-04-03T15:55:27 IST" time="0.081" errors="0">
  <testcase name="Nativeandroid" time="0.012" classname="MasterGroup.AppiumTest"/>
  <testcase name="iOSApps" time="0.0" classname="MasterGroup.AppiumTest"/>
  <testcase name="deletetwitte" time="0.0" classname="MasterGroup.RestAPITest"/>
  <testcase name="postjira" time="0.0" classname="MasterGroup.RestAPITest"/>
  <testcase name="browser" time="0.0" classname="MasterGroup.SeleniumTest"/>
  <testcase name="elementui" time="0.0" classname="MasterGroup.SeleniumTest"/>
</testsuite> <!-- Surefire test -->
