<?xml version="1.0" encoding="UTF-8"?>
<!-- Generated by org.testng.reporters.JUnitXMLReporter -->
<testsuite hostname="LAPTOP-35FDJHFT" ignored="3" name="Test" tests="3" failures="0" timestamp="2020-04-03T17:45:54 IST" time="0.078" errors="0">
  <testcase name="iOSApps" time="0.016" classname="MasterGroup.AppiumTest"/>
  <testcase name="deletetwitte" time="0.0" classname="MasterGroup.RestAPITest"/>
  <testcase name="browser" time="0.0" classname="MasterGroup.SeleniumTest"/>
  <testcase name="postjira" time="0.0" classname="MasterGroup.RestAPITest">
    <ignored/>
  </testcase> <!-- postjira -->
  <testcase name="elementui" time="0.0" classname="MasterGroup.SeleniumTest">
    <ignored/>
  </testcase> <!-- elementui -->
  <testcase name="Nativeandroid" time="0.0" classname="MasterGroup.AppiumTest">
    <ignored/>
  </testcase> <!-- Nativeandroid -->
</testsuite> <!-- Test -->
